<?xml version="1.0" encoding="utf-8"?><testsuites name="pytest tests"><testsuite name="pytest" errors="0" failures="0" skipped="0" tests="24" time="6.481" timestamp="2026-06-19T07:50:27.423280+00:00" hostname="agent-env-2419e5f5-ffc5-4a68-8f92-fe8022a4d1df"><testcase classname="backend.tests.test_sprint3_docx_templates.TestVariables" name="test_list_variables_requires_auth" time="0.302" /><testcase classname="backend.tests.test_sprint3_docx_templates.TestVariables" name="test_list_variables" time="0.449" /><testcase classname="backend.tests.test_sprint3_docx_templates.TestUploadAndAutoMap" name="test_upload_extracts_and_auto_maps_annexure" time="0.303" /><testcase classname="backend.tests.test_sprint3_docx_templates.TestUploadAndAutoMap" name="test_upload_rejects_doc_extension" time="0.095" /><testcase classname="backend.tests.test_sprint3_docx_templates.TestUploadAndAutoMap" name="test_upload_rejects_non_docx_ext" time="0.123" /><testcase classname="backend.tests.test_sprint3_docx_templates.TestUploadAndAutoMap" name="test_upload_rejects_oversize" time="0.392" /><testcase classname="backend.tests.test_sprint3_docx_templates.TestUploadAndAutoMap" name="test_upload_requires_auth" time="0.119" /><testcase classname="backend.tests.test_sprint3_docx_templates.TestListGetPatchDelete" name="test_list_includes_uploaded" time="0.101" /><testcase classname="backend.tests.test_sprint3_docx_templates.TestListGetPatchDelete" name="test_get_single" time="0.095" /><testcase classname="backend.tests.test_sprint3_docx_templates.TestListGetPatchDelete" name="test_get_404" time="0.095" /><testcase classname="backend.tests.test_sprint3_docx_templates.TestListGetPatchDelete" name="test_patch_name_doc_type_mapping" time="0.283" /><testcase classname="backend.tests.test_sprint3_docx_templates.TestListGetPatchDelete" name="test_delete_only_owner" time="0.628" /><testcase classname="backend.tests.test_sprint3_docx_templates.TestPreview" name="test_preview_all_12_resolve_for_ramesh" time="0.193" /><testcase classname="backend.tests.test_sprint3_docx_templates.TestPreview" name="test_preview_raw_overrides_win" time="0.095" /><testcase classname="backend.tests.test_sprint3_docx_templates.TestPreview" name="test_preview_canonical_overrides_win" time="0.096" /><testcase classname="backend.tests.test_sprint3_docx_templates.TestPreview" name="test_preview_client_not_found" time="0.113" /><testcase classname="backend.tests.test_sprint3_docx_templates.TestGenerate" name="test_generate_and_download_and_attach" time="0.806" /><testcase classname="backend.tests.test_sprint3_docx_templates.TestGenerate" name="test_generate_download_unauth" time="0.548" /><testcase classname="backend.tests.test_sprint3_docx_templates.TestMultiTenantIsolation" name="test_other_company_cannot_list_or_access" time="0.918" /><testcase classname="backend.tests.test_sprint3_docx_templates.TestSprint2Smoke" name="test_clients_stats" time="0.104" /><testcase classname="backend.tests.test_sprint3_docx_templates.TestSprint2Smoke" name="test_inventory_stats" time="0.101" /><testcase classname="backend.tests.test_sprint3_docx_templates.TestSprint2Smoke" name="test_inventory_products" time="0.100" /><testcase classname="backend.tests.test_sprint3_docx_templates.TestSprint2Smoke" name="test_ai_extract_unauth" time="0.100" /><testcase classname="backend.tests.test_sprint3_docx_templates.TestSprint2Smoke" name="test_bulk_inward_empty_rejected" time="0.194" /></testsuite></testsuites>