<?xml version="1.0" encoding="utf-8"?><testsuites name="pytest tests"><testsuite name="pytest" errors="0" failures="0" skipped="0" tests="13" time="7.636" timestamp="2026-06-24T08:12:35.504444+00:00" hostname="agent-env-2419e5f5-ffc5-4a68-8f92-fe8022a4d1df"><testcase classname="backend.tests.test_sprint8_profile_vendors.TestVendors" name="test_vendors_distinct_sorted_no_empty" time="0.843" /><testcase classname="backend.tests.test_sprint8_profile_vendors.TestVendors" name="test_vendors_multi_tenant_isolation" time="0.842" /><testcase classname="backend.tests.test_sprint8_profile_vendors.TestProfileUpdate" name="test_patch_me_updates_fields_and_no_password_hash" time="0.213" /><testcase classname="backend.tests.test_sprint8_profile_vendors.TestChangeEmail" name="test_change_email_wrong_password_401" time="0.340" /><testcase classname="backend.tests.test_sprint8_profile_vendors.TestChangeEmail" name="test_change_email_same_email_400" time="0.327" /><testcase classname="backend.tests.test_sprint8_profile_vendors.TestChangeEmail" name="test_change_email_already_used_400" time="0.319" /><testcase classname="backend.tests.test_sprint8_profile_vendors.TestChangeEmail" name="test_change_email_success_login_swap" time="1.075" /><testcase classname="backend.tests.test_sprint8_profile_vendors.TestChangePassword" name="test_change_password_wrong_current_401" time="0.318" /><testcase classname="backend.tests.test_sprint8_profile_vendors.TestChangePassword" name="test_change_password_short_400" time="0.313" /><testcase classname="backend.tests.test_sprint8_profile_vendors.TestChangePassword" name="test_change_password_success_and_login_swap" time="1.596" /><testcase classname="backend.tests.test_sprint8_profile_vendors.TestTasksScope" name="test_admin_sees_all_and_mine_filter" time="0.961" /><testcase classname="backend.tests.test_sprint8_profile_vendors.TestBulkChallanStrip" name="test_bulk_inward_strips_non_numeric" time="0.204" /><testcase classname="backend.tests.test_sprint8_profile_vendors.TestBulkChallanStrip" name="test_bulk_outward_strips_non_numeric" time="0.195" /></testsuite></testsuites>