<?xml version="1.0" encoding="utf-8"?><testsuites name="pytest tests"><testsuite name="pytest" errors="0" failures="0" skipped="0" tests="28" time="12.818" timestamp="2026-06-21T07:41:35.033164+00:00" hostname="agent-env-2419e5f5-ffc5-4a68-8f92-fe8022a4d1df"><testcase classname="backend.tests.test_sprint5_inventory.TestProducts" name="test_create_product_uppercase_and_fields" time="0.534" /><testcase classname="backend.tests.test_sprint5_inventory.TestProducts" name="test_create_product_duplicate_400" time="0.202" /><testcase classname="backend.tests.test_sprint5_inventory.TestProducts" name="test_patch_product_rename_cascades" time="0.769" /><testcase classname="backend.tests.test_sprint5_inventory.TestProducts" name="test_patch_product_rename_collision_400" time="0.279" /><testcase classname="backend.tests.test_sprint5_inventory.TestProducts" name="test_delete_product_with_refs_returns_409" time="0.486" /><testcase classname="backend.tests.test_sprint5_inventory.TestInward" name="test_create_inward_all_new_fields" time="0.099" /><testcase classname="backend.tests.test_sprint5_inventory.TestInward" name="test_patch_inward_updates_fields" time="0.200" /><testcase classname="backend.tests.test_sprint5_inventory.TestInward" name="test_patch_inward_404" time="0.094" /><testcase classname="backend.tests.test_sprint5_inventory.TestInward" name="test_delete_inward_404" time="0.095" /><testcase classname="backend.tests.test_sprint5_inventory.TestInward" name="test_delete_inward_ok" time="0.190" /><testcase classname="backend.tests.test_sprint5_inventory.TestOutward" name="test_create_outward_default_dispatched" time="0.097" /><testcase classname="backend.tests.test_sprint5_inventory.TestOutward" name="test_create_outward_pending_and_filter" time="0.292" /><testcase classname="backend.tests.test_sprint5_inventory.TestOutward" name="test_patch_outward_404" time="0.106" /><testcase classname="backend.tests.test_sprint5_inventory.TestOutward" name="test_delete_outward_ok" time="0.200" /><testcase classname="backend.tests.test_sprint5_inventory.TestOutward" name="test_delete_outward_404" time="0.093" /><testcase classname="backend.tests.test_sprint5_inventory.TestStats" name="test_low_stock_uses_per_product_min" time="0.588" /><testcase classname="backend.tests.test_sprint5_inventory.TestStats" name="test_pending_outward_not_subtracted_from_balance" time="0.917" /><testcase classname="backend.tests.test_sprint5_inventory.TestDefaults" name="test_get_defaults_returns_dict" time="0.098" /><testcase classname="backend.tests.test_sprint5_inventory.TestDefaults" name="test_patch_defaults_deep_merge" time="0.297" /><testcase classname="backend.tests.test_sprint5_inventory.TestHistory" name="test_history_filters_and_types" time="0.797" /><testcase classname="backend.tests.test_sprint5_inventory.TestHistory" name="test_history_csv_headers_and_data" time="0.199" /><testcase classname="backend.tests.test_sprint5_inventory.TestMaterialRequestAutoOutward" name="test_approval_creates_pending_outward" time="0.508" /><testcase classname="backend.tests.test_sprint5_inventory.TestMultiTenant" name="test_second_tenant_cannot_see_first_products" time="0.507" /><testcase classname="backend.tests.test_sprint5_inventory.TestMultiTenant" name="test_second_tenant_cannot_patch_first_inward" time="0.194" /><testcase classname="backend.tests.test_sprint5_inventory.TestMultiTenant" name="test_second_tenant_cannot_delete_first_outward" time="0.192" /><testcase classname="backend.tests.test_sprint5_inventory.TestMultiTenant" name="test_second_tenant_defaults_isolated" time="0.192" /><testcase classname="backend.tests.test_sprint5_inventory.TestMultiTenant" name="test_second_tenant_history_isolated" time="0.194" /><testcase classname="backend.tests.test_sprint5_inventory.TestSprint2Smoke" name="test_ai_extract_then_bulk_inward_then_history" time="4.313" /></testsuite></testsuites>