<?xml version="1.0" encoding="utf-8"?><testsuites name="pytest tests"><testsuite name="pytest" errors="0" failures="0" skipped="0" tests="22" time="5.800" timestamp="2026-06-24T10:56:52.204771+00:00" hostname="agent-env-2419e5f5-ffc5-4a68-8f92-fe8022a4d1df"><testcase classname="tests.test_sprint9_complaints.TestCreateValidation" name="test_invalid_category" time="0.440" /><testcase classname="tests.test_sprint9_complaints.TestCreateValidation" name="test_invalid_priority" time="0.104" /><testcase classname="tests.test_sprint9_complaints.TestCreateValidation" name="test_invalid_send_to_target" time="0.095" /><testcase classname="tests.test_sprint9_complaints.TestCreateValidation" name="test_specific_user_without_assignee" time="0.099" /><testcase classname="tests.test_sprint9_complaints.TestCreateValidation" name="test_specific_user_with_valid_assignee_sets_assigned_status" time="0.198" /><testcase classname="tests.test_sprint9_complaints.TestCreateValidation" name="test_default_open_status_no_assignee" time="0.097" /><testcase classname="tests.test_sprint9_complaints.TestMultiTenant" name="test_secondary_cannot_see_primary" time="0.665" /><testcase classname="tests.test_sprint9_complaints.TestMultiTenant" name="test_counter_independent_per_company" time="0.095" /><testcase classname="tests.test_sprint9_complaints.TestFilters" name="test_filter_status_priority_category_search" time="0.497" /><testcase classname="tests.test_sprint9_complaints.TestFilters" name="test_mine_filter" time="0.096" /><testcase classname="tests.test_sprint9_complaints.TestStatsAndEscalation" name="test_stats_shape" time="0.096" /><testcase classname="tests.test_sprint9_complaints.TestStatsAndEscalation" name="test_escalation_red_and_yellow" time="0.380" /><testcase classname="tests.test_sprint9_complaints.TestPatch" name="test_resolve_requires_note" time="0.187" /><testcase classname="tests.test_sprint9_complaints.TestPatch" name="test_in_progress_then_resolve_with_note" time="0.207" /><testcase classname="tests.test_sprint9_complaints.TestPatch" name="test_reassign_admin_bumps_open_to_assigned" time="0.317" /><testcase classname="tests.test_sprint9_complaints.TestComments" name="test_empty_comment_400" time="0.105" /><testcase classname="tests.test_sprint9_complaints.TestComments" name="test_valid_comment_then_list_audit_order" time="0.404" /><testcase classname="tests.test_sprint9_complaints.TestConvertToTask" name="test_missing_assigned_to_400" time="0.292" /><testcase classname="tests.test_sprint9_complaints.TestConvertToTask" name="test_missing_client_400" time="0.231" /><testcase classname="tests.test_sprint9_complaints.TestConvertToTask" name="test_success_creates_task" time="0.310" /><testcase classname="tests.test_sprint9_complaints.TestDelete" name="test_admin_delete_purges_comments_audit" time="0.509" /><testcase classname="tests.test_sprint9_complaints.TestBulkInwardBillNumber" name="test_bill_number_stripped" time="0.202" /></testsuite></testsuites>