<?xml version="1.0" encoding="utf-8"?><testsuites name="pytest tests"><testsuite name="pytest" errors="0" failures="0" skipped="0" tests="15" time="25.753" timestamp="2026-06-19T07:26:12.980789+00:00" hostname="agent-env-2419e5f5-ffc5-4a68-8f92-fe8022a4d1df"><testcase classname="backend.tests.test_sprint2_bulk_import.TestAuth" name="test_login_returns_token_user_company" time="0.782" /><testcase classname="backend.tests.test_sprint2_bulk_import.TestAuth" name="test_me_endpoint" time="0.143" /><testcase classname="backend.tests.test_sprint2_bulk_import.TestAIExtractCSV" name="test_csv_ai_extract" time="7.035" /><testcase classname="backend.tests.test_sprint2_bulk_import.TestAIExtractCSV" name="test_ai_extract_unauthenticated" time="0.115" /><testcase classname="backend.tests.test_sprint2_bulk_import.TestAIExtractCSV" name="test_ai_extract_empty_file" time="0.103" /><testcase classname="backend.tests.test_sprint2_bulk_import.TestAIExtractCSV" name="test_ai_extract_too_large" time="0.724" /><testcase classname="backend.tests.test_sprint2_bulk_import.TestAIExtractImage" name="test_png_ai_extract" time="9.351" /><testcase classname="backend.tests.test_sprint2_bulk_import.TestAIExtractExcel" name="test_xlsx_ai_extract" time="5.368" /><testcase classname="backend.tests.test_sprint2_bulk_import.TestBulkInward" name="test_bulk_inward_happy_path" time="0.495" /><testcase classname="backend.tests.test_sprint2_bulk_import.TestBulkInward" name="test_bulk_inward_empty_rows" time="0.095" /><testcase classname="backend.tests.test_sprint2_bulk_import.TestBulkInward" name="test_bulk_inward_invalid_rows_skipped" time="0.097" /><testcase classname="backend.tests.test_sprint2_bulk_import.TestTenantIsolation" name="test_second_company_cannot_see_first_inward" time="0.741" /><testcase classname="backend.tests.test_sprint2_bulk_import.TestSmokePhase12" name="test_clients_stats" time="0.092" /><testcase classname="backend.tests.test_sprint2_bulk_import.TestSmokePhase12" name="test_inventory_stats" time="0.112" /><testcase classname="backend.tests.test_sprint2_bulk_import.TestSmokePhase12" name="test_inventory_products" time="0.097" /></testsuite></testsuites>