<?xml version="1.0" encoding="utf-8"?><testsuites name="pytest tests"><testsuite name="pytest" errors="0" failures="1" skipped="0" tests="26" time="10.238" timestamp="2026-06-25T08:07:06.542794+00:00" hostname="agent-env-2419e5f5-ffc5-4a68-8f92-fe8022a4d1df"><testcase classname="backend.tests.test_iteration10_otp_perms.TestForgotPasswordFlow" name="test_forgot_password_known_email_creates_record" time="0.718" /><testcase classname="backend.tests.test_iteration10_otp_perms.TestForgotPasswordFlow" name="test_forgot_password_unknown_email_no_leak" time="0.111"><failure message="assert 422 == 200&#10; +  where 422 = &lt;Response [422]&gt;.status_code">backend/tests/test_iteration10_otp_perms.py:87: in test_forgot_password_unknown_email_no_leak
    assert r.status_code == 200
E   assert 422 == 200
E    +  where 422 = &lt;Response [422]&gt;.status_code</failure></testcase><testcase classname="backend.tests.test_iteration10_otp_perms.TestForgotPasswordFlow" name="test_forgot_password_throttle_after_3_requests" time="1.568" /><testcase classname="backend.tests.test_iteration10_otp_perms.TestForgotPasswordFlow" name="test_verify_otp_wrong_code_increments_attempts" time="0.588" /><testcase classname="backend.tests.test_iteration10_otp_perms.TestForgotPasswordFlow" name="test_full_reset_password_cycle" time="2.877" /><testcase classname="backend.tests.test_iteration10_otp_perms.TestForgotPasswordFlow" name="test_reset_password_bogus_token" time="0.096" /><testcase classname="backend.tests.test_iteration10_otp_perms.TestInstallerPermissions" name="test_auth_me_has_client_data_and_complaints" time="1.106" /><testcase classname="backend.tests.test_iteration10_otp_perms.TestInstallerPermissions" name="test_clients_create_forbidden" time="0.099" /><testcase classname="backend.tests.test_iteration10_otp_perms.TestInstallerPermissions" name="test_clients_edit_forbidden" time="0.231" /><testcase classname="backend.tests.test_iteration10_otp_perms.TestInstallerPermissions" name="test_clients_delete_forbidden" time="0.093" /><testcase classname="backend.tests.test_iteration10_otp_perms.TestInstallerPermissions" name="test_inventory_create_product_forbidden" time="0.097" /><testcase classname="backend.tests.test_iteration10_otp_perms.TestInstallerPermissions" name="test_inventory_create_inward_forbidden" time="0.089" /><testcase classname="backend.tests.test_iteration10_otp_perms.TestInstallerPermissions" name="test_inventory_delete_inward_forbidden" time="0.221" /><testcase classname="backend.tests.test_iteration10_otp_perms.TestInstallerPermissions" name="test_bulk_inward_forbidden" time="0.099" /><testcase classname="backend.tests.test_iteration10_otp_perms.TestInstallerPermissions" name="test_material_request_approve_forbidden" time="0.100" /><testcase classname="backend.tests.test_iteration10_otp_perms.TestInstallerPermissions" name="test_complaints_create_allowed" time="0.107" /><testcase classname="backend.tests.test_iteration10_otp_perms.TestInstallerPermissions" name="test_complaints_edit_forbidden" time="0.191" /><testcase classname="backend.tests.test_iteration10_otp_perms.TestInstallerPermissions" name="test_complaints_delete_forbidden" time="0.120" /><testcase classname="backend.tests.test_iteration10_otp_perms.TestInstallerPermissions" name="test_complaints_convert_to_task_forbidden" time="0.103" /><testcase classname="backend.tests.test_iteration10_otp_perms.TestSupervisorPermissions" name="test_clients_create_allowed" time="0.738" /><testcase classname="backend.tests.test_iteration10_otp_perms.TestSupervisorPermissions" name="test_clients_delete_forbidden" time="0.099" /><testcase classname="backend.tests.test_iteration10_otp_perms.TestSupervisorPermissions" name="test_complaints_create_allowed" time="0.097" /><testcase classname="backend.tests.test_iteration10_otp_perms.TestSupervisorPermissions" name="test_complaints_edit_allowed" time="0.109" /><testcase classname="backend.tests.test_iteration10_otp_perms.TestSupervisorPermissions" name="test_complaints_delete_forbidden" time="0.095" /><testcase classname="backend.tests.test_iteration10_otp_perms.TestAdminBypass" name="test_admin_can_delete_client" time="0.194" /><testcase classname="backend.tests.test_iteration10_otp_perms.TestAdminBypass" name="test_admin_can_create_inward" time="0.099" /></testsuite></testsuites>