<?xml version="1.0" encoding="utf-8"?><testsuites name="pytest tests"><testsuite name="pytest" errors="0" failures="0" skipped="0" tests="16" time="53.178" timestamp="2026-06-21T08:57:50.062812+00:00" hostname="agent-env-2419e5f5-ffc5-4a68-8f92-fe8022a4d1df"><testcase classname="backend.tests.test_sprint7_ai_outward.TestExtractOutwardCSV" name="test_csv_extracts_outward_rows_with_client_resolution" time="9.987" /><testcase classname="backend.tests.test_sprint7_ai_outward.TestExtractOutwardImage" name="test_png_extracts_outward_rows" time="10.604" /><testcase classname="backend.tests.test_sprint7_ai_outward.TestExtractOutwardXLSX" name="test_xlsx_extracts_outward_rows" time="6.736" /><testcase classname="backend.tests.test_sprint7_ai_outward.TestExtractOutwardErrors" name="test_empty_body_returns_400" time="0.145" /><testcase classname="backend.tests.test_sprint7_ai_outward.TestExtractOutwardErrors" name="test_no_auth_returns_401" time="0.109" /><testcase classname="backend.tests.test_sprint7_ai_outward.TestExtractOutwardErrors" name="test_oversize_returns_413" time="1.034" /><testcase classname="backend.tests.test_sprint7_ai_outward.TestBulkOutward" name="test_bulk_outward_insert_full_flow" time="0.289" /><testcase classname="backend.tests.test_sprint7_ai_outward.TestBulkOutward" name="test_bulk_outward_empty_rows_returns_400" time="0.095" /><testcase classname="backend.tests.test_sprint7_ai_outward.TestAutoProductCreation" name="test_new_product_created_via_bulk_outward" time="0.235" /><testcase classname="backend.tests.test_sprint7_ai_outward.TestMultiTenantClientIsolation" name="test_secondary_cannot_resolve_primary_client" time="10.250" /><testcase classname="backend.tests.test_sprint7_ai_outward.TestUnmatchedClientNotResolved" name="test_unknown_client_name_not_resolved" time="7.650" /><testcase classname="backend.tests.test_sprint7_ai_outward.TestInwardRegression" name="test_inward_extract_still_works" time="5.253" /><testcase classname="backend.tests.test_sprint7_ai_outward.TestSprint6Smoke" name="test_paginated_history_shape" time="0.115" /><testcase classname="backend.tests.test_sprint7_ai_outward.TestSprint6Smoke" name="test_next_challan" time="0.098" /><testcase classname="backend.tests.test_sprint7_ai_outward.TestSprint6Smoke" name="test_products_stats" time="0.196" /><testcase classname="backend.tests.test_sprint7_ai_outward.TestSprint6Smoke" name="test_bulk_delete_smoke" time="0.097" /></testsuite></testsuites>