<?xml version="1.0" encoding="utf-8"?><testsuites name="pytest tests"><testsuite name="pytest" errors="0" failures="0" skipped="1" tests="41" time="57.459" timestamp="2026-06-21T08:36:55.943429+00:00" hostname="agent-env-2419e5f5-ffc5-4a68-8f92-fe8022a4d1df"><testcase classname="backend.tests.test_sprint6_data_management.TestHistoryPagination" name="test_history_returns_paginated_object_shape" time="1.712" /><testcase classname="backend.tests.test_sprint6_data_management.TestHistoryPagination" name="test_history_default_page_size_is_100" time="0.104" /><testcase classname="backend.tests.test_sprint6_data_management.TestHistoryPagination" name="test_history_page_lt_1_clamped" time="0.139" /><testcase classname="backend.tests.test_sprint6_data_management.TestHistoryPagination" name="test_history_page_size_capped_at_500" time="0.101" /><testcase classname="backend.tests.test_sprint6_data_management.TestHistoryPagination" name="test_history_page_beyond_pages_returns_empty_rows" time="0.195" /><testcase classname="backend.tests.test_sprint6_data_management.TestHistoryPagination" name="test_history_pagination_walk" time="0.400" /><testcase classname="backend.tests.test_sprint6_data_management.TestHistoryPagination" name="test_history_new_filter_challan" time="0.196" /><testcase classname="backend.tests.test_sprint6_data_management.TestHistoryPagination" name="test_history_new_filter_bill_number" time="0.092" /><testcase classname="backend.tests.test_sprint6_data_management.TestHistoryPagination" name="test_history_bill_number_filter_outward_leak_bug" time="0.094"><skipped type="pytest.xfail" message="BUG: bill_number filter does not constrain outward branch — 16 outward rows returned despite garbage bill_number" /></testcase><testcase classname="backend.tests.test_sprint6_data_management.TestHistoryPagination" name="test_history_new_filter_user_id" time="0.278" /><testcase classname="backend.tests.test_sprint6_data_management.TestHistoryPagination" name="test_history_new_filter_status" time="0.190" /><testcase classname="backend.tests.test_sprint6_data_management.TestHistoryPagination" name="test_history_combined_filters_AND" time="0.098" /><testcase classname="backend.tests.test_sprint6_data_management.TestHistoryCsvUnchanged" name="test_csv_text_and_rows" time="0.097" /><testcase classname="backend.tests.test_sprint6_data_management.TestBulkDelete" name="test_bulk_delete_inward_and_outward" time="0.694" /><testcase classname="backend.tests.test_sprint6_data_management.TestBulkDelete" name="test_bulk_delete_empty_lists" time="0.096" /><testcase classname="backend.tests.test_sprint6_data_management.TestBulkDelete" name="test_bulk_delete_nonexistent_ids" time="0.098" /><testcase classname="backend.tests.test_sprint6_data_management.TestBulkDelete" name="test_bulk_delete_multi_tenant_safe" time="0.735" /><testcase classname="backend.tests.test_sprint6_data_management.TestNextChallan" name="test_next_challan_inward_with_prefix" time="0.096" /><testcase classname="backend.tests.test_sprint6_data_management.TestNextChallan" name="test_next_challan_ignores_other_prefixes" time="0.096" /><testcase classname="backend.tests.test_sprint6_data_management.TestNextChallan" name="test_next_challan_outward_with_prefix" time="19.561" /><testcase classname="backend.tests.test_sprint6_data_management.TestNextChallan" name="test_next_challan_unknown_prefix_returns_1" time="0.115" /><testcase classname="backend.tests.test_sprint6_data_management.TestNextChallan" name="test_next_challan_no_prefix_format" time="30.130" /><testcase classname="backend.tests.test_sprint6_data_management.TestNextChallan" name="test_next_challan_multi_tenant_isolation" time="0.132" /><testcase classname="backend.tests.test_sprint6_data_management.TestCheckChallan" name="test_check_challan_unique_when_unused" time="0.107" /><testcase classname="backend.tests.test_sprint6_data_management.TestCheckChallan" name="test_check_challan_not_unique_when_used" time="0.098" /><testcase classname="backend.tests.test_sprint6_data_management.TestCheckChallan" name="test_check_challan_exclude_id_allows_self" time="0.185" /><testcase classname="backend.tests.test_sprint6_data_management.TestCheckChallan" name="test_check_challan_outward" time="0.101" /><testcase classname="backend.tests.test_sprint6_data_management.TestCheckChallan" name="test_check_challan_multi_tenant_isolation" time="0.090" /><testcase classname="backend.tests.test_sprint6_data_management.TestProductStats" name="test_product_stats_shape_and_values" time="0.101" /><testcase classname="backend.tests.test_sprint6_data_management.TestProductStats" name="test_product_stats_404_unknown" time="0.103" /><testcase classname="backend.tests.test_sprint6_data_management.TestProductStats" name="test_product_stats_multi_tenant_404" time="0.104" /><testcase classname="backend.tests.test_sprint6_data_management.TestProductTransactions" name="test_product_transactions_returns_paginated" time="0.095" /><testcase classname="backend.tests.test_sprint6_data_management.TestProductTransactions" name="test_product_transactions_with_filters" time="0.097" /><testcase classname="backend.tests.test_sprint6_data_management.TestProductTransactions" name="test_product_transactions_404_unknown" time="0.087" /><testcase classname="backend.tests.test_sprint6_data_management.TestProductTransactions" name="test_product_transactions_multi_tenant_404" time="0.099" /><testcase classname="backend.tests.test_sprint6_data_management.TestPreviousSprintsSmoke" name="test_inventory_stats_endpoint" time="0.099" /><testcase classname="backend.tests.test_sprint6_data_management.TestPreviousSprintsSmoke" name="test_inventory_products_list" time="0.100" /><testcase classname="backend.tests.test_sprint6_data_management.TestPreviousSprintsSmoke" name="test_inventory_defaults" time="0.098" /><testcase classname="backend.tests.test_sprint6_data_management.TestPreviousSprintsSmoke" name="test_outward_status_pending_filter" time="0.098" /><testcase classname="backend.tests.test_sprint6_data_management.TestPreviousSprintsSmoke" name="test_clients_list" time="0.093" /><testcase classname="backend.tests.test_sprint6_data_management.TestPreviousSprintsSmoke" name="test_auth_me_still_works" time="0.094" /></testsuite></testsuites>