<?xml version="1.0" encoding="utf-8"?><testsuites name="pytest tests"><testsuite name="pytest" errors="0" failures="0" skipped="0" tests="31" time="9.494" timestamp="2026-06-19T08:44:09.742245+00:00" hostname="agent-env-2419e5f5-ffc5-4a68-8f92-fe8022a4d1df"><testcase classname="backend.tests.test_sprint4_client_data.TestClientDataStats" name="test_stats_shape_and_types" time="0.461" /><testcase classname="backend.tests.test_sprint4_client_data.TestClientDataList" name="test_list_only_handover" time="0.113" /><testcase classname="backend.tests.test_sprint4_client_data.TestClientDataList" name="test_filter_search_by_name" time="0.211" /><testcase classname="backend.tests.test_sprint4_client_data.TestClientDataList" name="test_filter_capacity_range" time="0.095" /><testcase classname="backend.tests.test_sprint4_client_data.TestClientDataList" name="test_filter_unknown_status_returns_empty" time="0.104" /><testcase classname="backend.tests.test_sprint4_client_data.TestClientDataDetail" name="test_detail_ok" time="0.098" /><testcase classname="backend.tests.test_sprint4_client_data.TestClientDataDetail" name="test_detail_404_for_unknown_id" time="0.097" /><testcase classname="backend.tests.test_sprint4_client_data.TestClientDataDetail" name="test_detail_404_when_not_handover" time="0.208" /><testcase classname="backend.tests.test_sprint4_client_data.TestMonitoringUpsert" name="test_upsert_normalises_status" time="0.098" /><testcase classname="backend.tests.test_sprint4_client_data.TestMonitoringUpsert" name="test_upsert_invalid_status_falls_back_offline" time="0.204" /><testcase classname="backend.tests.test_sprint4_client_data.TestMonitoringUpsert" name="test_upsert_404_for_unknown_client" time="0.115" /><testcase classname="backend.tests.test_sprint4_client_data.TestTicketsCreate" name="test_create_ticket_auto_number_and_open" time="0.103" /><testcase classname="backend.tests.test_sprint4_client_data.TestTicketsCreate" name="test_create_invalid_priority_400" time="0.096" /><testcase classname="backend.tests.test_sprint4_client_data.TestTicketsCreate" name="test_create_invalid_issue_type_400" time="0.091" /><testcase classname="backend.tests.test_sprint4_client_data.TestTicketsCreate" name="test_create_unknown_client_404" time="0.098" /><testcase classname="backend.tests.test_sprint4_client_data.TestTicketsListGet" name="test_list_filter_by_client" time="0.094" /><testcase classname="backend.tests.test_sprint4_client_data.TestTicketsListGet" name="test_list_search_by_ticket_no" time="0.098" /><testcase classname="backend.tests.test_sprint4_client_data.TestTicketsListGet" name="test_get_one_ticket" time="0.110" /><testcase classname="backend.tests.test_sprint4_client_data.TestTicketsListGet" name="test_get_unknown_ticket_404" time="0.099" /><testcase classname="backend.tests.test_sprint4_client_data.TestTicketsPatch" name="test_patch_invalid_status_400" time="0.099" /><testcase classname="backend.tests.test_sprint4_client_data.TestTicketsPatch" name="test_assign_auto_bumps_to_assigned" time="0.203" /><testcase classname="backend.tests.test_sprint4_client_data.TestTicketsPatch" name="test_status_progression_and_timestamps" time="0.293" /><testcase classname="backend.tests.test_sprint4_client_data.TestTicketsPatch" name="test_attachments_append_not_replace" time="0.198" /><testcase classname="backend.tests.test_sprint4_client_data.TestCSVExport" name="test_csv_export_headers_and_content_type" time="0.107" /><testcase classname="backend.tests.test_sprint4_client_data.TestMultiTenant" name="test_second_tenant_cannot_see_first_client" time="0.441" /><testcase classname="backend.tests.test_sprint4_client_data.TestMultiTenant" name="test_second_tenant_stats_isolated" time="0.107" /><testcase classname="backend.tests.test_sprint4_client_data.TestMultiTenant" name="test_second_tenant_cannot_create_ticket_for_other_client" time="0.151" /><testcase classname="backend.tests.test_sprint4_client_data.TestMultiTenant" name="test_second_tenant_cannot_update_monitoring_for_other_client" time="0.109" /><testcase classname="backend.tests.test_sprint4_client_data.TestMultiTenant" name="test_second_tenant_cannot_get_ticket" time="0.100" /><testcase classname="backend.tests.test_sprint4_client_data.TestPriorSprintSmoke" name="test_sprint2_ai_extract_with_csv" time="4.838" /><testcase classname="backend.tests.test_sprint4_client_data.TestPriorSprintSmoke" name="test_sprint3_document_templates_list" time="0.118" /></testsuite></testsuites>